c:\valerie\preg\ciclo_2023-2\lpoo\proyecto\monederofinal\sistemamonederomodel\x64\debug\vc143.pdb
c:\valerie\preg\ciclo_2023-2\lpoo\proyecto\monederofinal\sistemamonederomodel\x64\debug\.netframework,version=v4.7.2.assemblyattributes.obj
c:\valerie\preg\ciclo_2023-2\lpoo\proyecto\monederofinal\sistemamonederomodel\x64\debug\usuario.obj
c:\valerie\preg\ciclo_2023-2\lpoo\proyecto\monederofinal\sistemamonederomodel\x64\debug\ubicacion.obj
c:\valerie\preg\ciclo_2023-2\lpoo\proyecto\monederofinal\sistemamonederomodel\x64\debug\tarjeta.obj
c:\valerie\preg\ciclo_2023-2\lpoo\proyecto\monederofinal\sistemamonederomodel\x64\debug\plato.obj
c:\valerie\preg\ciclo_2023-2\lpoo\proyecto\monederofinal\sistemamonederomodel\x64\debug\nombreplato.obj
c:\valerie\preg\ciclo_2023-2\lpoo\proyecto\monederofinal\sistemamonederomodel\x64\debug\maquinarecarga.obj
c:\valerie\preg\ciclo_2023-2\lpoo\proyecto\monederofinal\sistemamonederomodel\x64\debug\maquinacompra.obj
c:\valerie\preg\ciclo_2023-2\lpoo\proyecto\monederofinal\sistemamonederomodel\x64\debug\maquina.obj
c:\valerie\preg\ciclo_2023-2\lpoo\proyecto\monederofinal\sistemamonederomodel\x64\debug\historialtransaccion.obj
c:\valerie\preg\ciclo_2023-2\lpoo\proyecto\monederofinal\sistemamonederomodel\x64\debug\comensal.obj
c:\valerie\preg\ciclo_2023-2\lpoo\proyecto\monederofinal\sistemamonederomodel\x64\debug\administrador.obj
c:\valerie\preg\ciclo_2023-2\lpoo\proyecto\monederofinal\x64\debug\sistemamonederomodel.dll
c:\valerie\preg\ciclo_2023-2\lpoo\proyecto\monederofinal\x64\debug\sistemamonederomodel.pdb
c:\valerie\preg\ciclo_2023-2\lpoo\proyecto\monederofinal\sistemamonederomodel\x64\debug\sistemam.44887c75.tlog\cl.command.1.tlog
c:\valerie\preg\ciclo_2023-2\lpoo\proyecto\monederofinal\sistemamonederomodel\x64\debug\sistemam.44887c75.tlog\cl.items.tlog
c:\valerie\preg\ciclo_2023-2\lpoo\proyecto\monederofinal\sistemamonederomodel\x64\debug\sistemam.44887c75.tlog\cl.read.1.tlog
c:\valerie\preg\ciclo_2023-2\lpoo\proyecto\monederofinal\sistemamonederomodel\x64\debug\sistemam.44887c75.tlog\cl.write.1.tlog
c:\valerie\preg\ciclo_2023-2\lpoo\proyecto\monederofinal\sistemamonederomodel\x64\debug\sistemam.44887c75.tlog\link.command.1.tlog
c:\valerie\preg\ciclo_2023-2\lpoo\proyecto\monederofinal\sistemamonederomodel\x64\debug\sistemam.44887c75.tlog\link.read.1.tlog
c:\valerie\preg\ciclo_2023-2\lpoo\proyecto\monederofinal\sistemamonederomodel\x64\debug\sistemam.44887c75.tlog\link.write.1.tlog
c:\valerie\preg\ciclo_2023-2\lpoo\proyecto\monederofinal\sistemamonederomodel\x64\debug\sistemam.44887c75.tlog\metagen.read.1.tlog
c:\valerie\preg\ciclo_2023-2\lpoo\proyecto\monederofinal\sistemamonederomodel\x64\debug\sistemam.44887c75.tlog\metagen.write.1.tlog
