c:\valerie\preg\ciclo_2023-2\lpoo\proyecto\monederofinal\sistemamonederocontroller\x64\debug\vc143.pdb
c:\valerie\preg\ciclo_2023-2\lpoo\proyecto\monederofinal\sistemamonederocontroller\x64\debug\.netframework,version=v4.7.2.assemblyattributes.obj
c:\valerie\preg\ciclo_2023-2\lpoo\proyecto\monederofinal\sistemamonederocontroller\x64\debug\usuariocontroller.obj
c:\valerie\preg\ciclo_2023-2\lpoo\proyecto\monederofinal\sistemamonederocontroller\x64\debug\ubicacioncontroller.obj
c:\valerie\preg\ciclo_2023-2\lpoo\proyecto\monederofinal\sistemamonederocontroller\x64\debug\tarjetacontroller.obj
c:\valerie\preg\ciclo_2023-2\lpoo\proyecto\monederofinal\sistemamonederocontroller\x64\debug\serialcontroller.obj
c:\valerie\preg\ciclo_2023-2\lpoo\proyecto\monederofinal\sistemamonederocontroller\x64\debug\platocontroller.obj
c:\valerie\preg\ciclo_2023-2\lpoo\proyecto\monederofinal\sistemamonederocontroller\x64\debug\nombreplatocontroller.obj
c:\valerie\preg\ciclo_2023-2\lpoo\proyecto\monederofinal\sistemamonederocontroller\x64\debug\maquinacontroller.obj
c:\valerie\preg\ciclo_2023-2\lpoo\proyecto\monederofinal\x64\debug\sistemamonederocontroller.dll
c:\valerie\preg\ciclo_2023-2\lpoo\proyecto\monederofinal\x64\debug\sistemamonederocontroller.pdb
c:\valerie\preg\ciclo_2023-2\lpoo\proyecto\monederofinal\sistemamonederocontroller\x64\debug\sistemam.3e7f5437.tlog\cl.command.1.tlog
c:\valerie\preg\ciclo_2023-2\lpoo\proyecto\monederofinal\sistemamonederocontroller\x64\debug\sistemam.3e7f5437.tlog\cl.items.tlog
c:\valerie\preg\ciclo_2023-2\lpoo\proyecto\monederofinal\sistemamonederocontroller\x64\debug\sistemam.3e7f5437.tlog\cl.read.1.tlog
c:\valerie\preg\ciclo_2023-2\lpoo\proyecto\monederofinal\sistemamonederocontroller\x64\debug\sistemam.3e7f5437.tlog\cl.write.1.tlog
c:\valerie\preg\ciclo_2023-2\lpoo\proyecto\monederofinal\sistemamonederocontroller\x64\debug\sistemam.3e7f5437.tlog\link.command.1.tlog
c:\valerie\preg\ciclo_2023-2\lpoo\proyecto\monederofinal\sistemamonederocontroller\x64\debug\sistemam.3e7f5437.tlog\link.read.1.tlog
c:\valerie\preg\ciclo_2023-2\lpoo\proyecto\monederofinal\sistemamonederocontroller\x64\debug\sistemam.3e7f5437.tlog\link.write.1.tlog
c:\valerie\preg\ciclo_2023-2\lpoo\proyecto\monederofinal\sistemamonederocontroller\x64\debug\sistemam.3e7f5437.tlog\metagen.read.1.tlog
c:\valerie\preg\ciclo_2023-2\lpoo\proyecto\monederofinal\sistemamonederocontroller\x64\debug\sistemam.3e7f5437.tlog\metagen.write.1.tlog
